<?xml version="1.0" encoding="UTF-8"?>
<!-- Generated by org.testng.reporters.JUnitReportReporter -->
<testsuite hostname="MAA-5CG12877Q4" failures="0" tests="1" name="testmaven.IndhuTest" time="0.009" errors="0" timestamp="2023-12-23T15:26:50 IST" skipped="0">
  <testcase classname="testmaven.IndhuTest" name="demoTest" time="0.009"/>
  <system-out>
    <![CDATA[indhuis passsed]]>
  </system-out>
</testsuite> <!-- testmaven.IndhuTest -->
